feature-goods/build/intermediates/manifest_merge_blame_file/release/processReleaseManifest/manifest-merger-blame-release-report.txt
1<?xml version="1.0" encoding="utf-8"?>
2<manifest xmlns:android="http://schemas.android.com/apk/res/android"
3    package="com.joy.featuregoods" >
4
5    <uses-sdk android:minSdkVersion="24" />
5-->INJECTED
5-->INJECTED
6
7    <uses-permission android:name="android.permission.INTERNET" />
7-->src/main/AndroidManifest.xml:5:5-67
7-->src/main/AndroidManifest.xml:5:22-64
8
9    <application>
9-->src/main/AndroidManifest.xml:7:5-13:19
10        <activity
10-->src/main/AndroidManifest.xml:8:9-12:20
11            android:name="com.joy.featuregoods.ui.GoodsDetailActivity"
11-->src/main/AndroidManifest.xml:9:13-51
12            android:exported="false"
12-->src/main/AndroidManifest.xml:10:13-37
13            android:theme="@style/Theme.AndroidArch" >
13-->src/main/AndroidManifest.xml:11:13-53
14        </activity>
15    </application>
16
17</manifest>